This is XeTeX, Version 3.14159265-2.6-0.99999 (MiKTeX 2.9.6930 64-bit) (preloaded format=xelatex 2019.1.21)  21 JAN 2019 22:44
entering extended mode
**Assignment-1.ipynb
(Assignment-1.ipynb
LaTeX2e <2018-12-01>

! LaTeX Error: Missing \begin{document}.

See the LaTeX manual or LaTeX Companion for explanation.
Type  H <return>  for immediate help.
 ...                                              
                                                  
l.2  "
      cells": [
? 
Missing character: There is no " in font nullfont!
Missing character: There is no c in font nullfont!
Missing character: There is no e in font nullfont!
Missing character: There is no l in font nullfont!
Missing character: There is no l in font nullfont!
Missing character: There is no s in font nullfont!
Missing character: There is no " in font nullfont!
Missing character: There is no : in font nullfont!
Missing character: There is no [ in font nullfont!
Missing character: There is no " in font nullfont!
Missing character: There is no c in font nullfont!
Missing character: There is no e in font nullfont!
Missing character: There is no l in font nullfont!
Missing character: There is no l in font nullfont!
! Missing $ inserted.
<inserted text> 
                $
l.4    "cell_
             type": "markdown",
? 
LaTeX Font Info:    External font `cmex10' loaded for size
(Font)              <7> on input line 4.
LaTeX Font Info:    External font `cmex10' loaded for size
(Font)              <5> on input line 4.
! You can't use `macro parameter character #' in math mode.
l.7     "#
           Assignment-1\n",
? 
! Undefined control sequence.
l.7     "# Assignment-1\n
                         ",
? 
! Undefined control sequence.
l.8     "\n
           ",
? 
! Undefined control sequence.
l.9     "    Name - Vipul Sharma\n
                                  ",
? 
! Undefined control sequence.
l.10     "    Roll - 101610096\n
                                ",
? 
! Extra }, or forgotten $.
l.13   }
        ,
? 
! You can't use `macro parameter character #' in math mode.
l.18     "#
           ## Ans1:"
? 
! You can't use `macro parameter character #' in math mode.
l.18     "##
            # Ans1:"
? 
! You can't use `macro parameter character #' in math mode.
l.18     "###
              Ans1:"
? 
! Undefined control sequence.
l.30 ...roductory Examples for the NLTK Book ***\n
                                                  ",
? 
! Undefined control sequence.
l.31 ... text1, ..., text9 and sent1, ..., sent9\n
                                                  ",
? 
! Undefined control sequence.
l.32 ...name of the text or sentence to view it.\n
                                                  ",
? 
! Undefined control sequence.
l.33 ...s()' or 'sents()' to list the materials.\n
                                                  ",
? 
! Undefined control sequence.
l.34 ...text1: Moby Dick by Herman Melville 1851\n
                                                  ",
? 
! Undefined control sequence.
l.35 ...ense and Sensibility by Jane Austen 1811\n
                                                  ",
? 
! Undefined control sequence.
l.36       "text3: The Book of Genesis\n
                                        ",
? 
! Undefined control sequence.
l.37       "text4: Inaugural Address Corpus\n
                                             ",
? 
! Undefined control sequence.
l.38       "text5: Chat Corpus\n
                                ",
? 
! Undefined control sequence.
l.39 ... "text6: Monty Python and the Holy Grail\n
                                                  ",
? 
! Undefined control sequence.
l.40       "text7: Wall Street Journal\n
                                        ",
? 
! Undefined control sequence.
l.41       "text8: Personals Corpus\n
                                     ",
? 
! Undefined control sequence.
l.42 ... Was Thursday by G . K . Chesterton 1908\n
                                                  ",
? 
! Undefined control sequence.
l.43       "No matches\n
                        "
? 
! Undefined control sequence.
l.48     "from nltk.book import *\n
                                   ",
? 

LaTeX Warning: Command \" invalid in math mode on input line 49.

LaTeX Font Info:    Try loading font information for OT1+lmr on input line 49.
("C:\Users\Vipul\AppData\Local\Programs\MiKTeX 2.9\tex/latex/lm\ot1lmr.fd"
File: ot1lmr.fd 2009/10/30 v1.6 Font defs for Latin Modern
)

LaTeX Warning: Command \" invalid in math mode on input line 49.

LaTeX Font Info:    Try loading font information for +lmr on input line 49.
LaTeX Font Info:    No file lmr.fd. on input line 49.
LaTeX Font Info:    Try loading font information for +cmr on input line 49.
LaTeX Font Info:    No file cmr.fd. on input line 49.

LaTeX Font Warning: Font shape `/lmr/m/n' undefined
(Font)              using `/cmr/m/n' instead on input line 49.


LaTeX Font Warning: Font shape `/cmr/m/n' undefined
(Font)              using `/cmr/m/n' instead on input line 49.

! Corrupted NFSS tables.
wrong@fontshape ...message {Corrupted NFSS tables}
                                                  error@fontshape else let f...
l.49     "text5.concordance(\"c
                               ollocations\")"
? 

LaTeX Font Warning: Font shape `/cmr/m/n' undefined
(Font)              using `OT1/cmr/m/n' instead on input line 49.

! Please use \mathaccent for accents in math mode.
\add@accent ...@spacefactor \spacefactor }\accent 
                                                  #1 #2\egroup \spacefactor ...
l.49     "text5.concordance(\"c
                               ollocations\")"
? 
! Missing { inserted.
<to be read again> 
                   \edef 
l.49     "text5.concordance(\"c
                               ollocations\")"
? 

LaTeX Font Warning: Font shape `/lmr/m/n' undefined
(Font)              using `/cmr/m/n' instead on input line 49.

! You can't use `\spacefactor' in math mode.
\add@accent ...}\accent #1 #2\egroup \spacefactor 
                                                  \accent@spacefactor 
l.49     "text5.concordance(\"c
                               ollocations\")"
? 

LaTeX Warning: Command \" invalid in math mode on input line 49.

! Please use \mathaccent for accents in math mode.
\add@accent ...@spacefactor \spacefactor }\accent 
                                                  #1 #2\egroup \spacefactor ...
l.49     "text5.concordance(\"collocations\")
                                             "
? 
! You can't use `\spacefactor' in math mode.
\add@accent ...}\accent #1 #2\egroup \spacefactor 
                                                  \accent@spacefactor 
l.49     "text5.concordance(\"collocations\")
                                             "
? 
! You can't use `macro parameter character #' in math mode.
l.56     "#
           ## Ans2:"
? 
! You can't use `macro parameter character #' in math mode.
l.56     "##
            # Ans2:"
? 
! You can't use `macro parameter character #' in math mode.
l.56     "###
              Ans2:"
? 
! Undefined control sequence.
l.76 ...t = ['This','is','a','set','of','words']\n
                                                  ",
? 
! Double superscript.
<recently read> ^
                 
l.77     "' '
             .join(my_set)"
? 
! Double superscript.
<recently read> ^
                 
l.97     "' '
             .join(my_set).split()"
? 
! You can't use `macro parameter character #' in math mode.
l.104     "#
            ## Ans3:"
? 
! You can't use `macro parameter character #' in math mode.
l.104     "##
             # Ans3:"
? 
! You can't use `macro parameter character #' in math mode.
l.104     "###
               Ans3:"
? 
! You can't use `macro parameter character #' in math mode.
l.131     "#
            ## Ans4:"
? 
! You can't use `macro parameter character #' in math mode.
l.131     "##
             # Ans4:"
? 
! You can't use `macro parameter character #' in math mode.
l.131     "###
               Ans4:"
? 
! Undefined control sequence.
l.143       "{'me', 'Ishmael', 'Call', '.'}\n
                                             ",
? 
! Undefined control sequence.
l.144 ...mily', 'The', 'been', 'had', 'settled'}\n
                                                  ",
? 
! Undefined control sequence.
l.145 ... '.', 'In', 'heaven', 'created', 'the'}\n
                                                  ",
? 
! Undefined control sequence.
l.146 ... '-', ':', 'Citizens', 'Senate', 'the'}\n
                                                  ",
? 
! Undefined control sequence.
l.147 ...le', 'a', 'with', 'lol', 'me', 'PMing'}\n
                                                  ",
? 
! Undefined control sequence.
l.148 ...op', 'wind', 'KING', '[', 'there', '1'}\n
                                                  ",
? 
! Undefined control sequence.
l.149 ...ctor', 'Pierre', 'as', 'Nov.', 'years'}\n
                                                  ",
? 
! Undefined control sequence.
l.150 ... 'discreet', 'single', 'seeks', 'SEXY'}\n
                                                  "
? 
! Undefined control sequence.
l.155     "print(set(sent1))\n
                              ",
? 
! Undefined control sequence.
l.156     "print(set(sent2))\n
                              ",
? 
! Undefined control sequence.
l.157     "print(set(sent3))\n
                              ",
? 
! Undefined control sequence.
l.158     "print(set(sent4))\n
                              ",
? 
! Undefined control sequence.
l.159     "print(set(sent5))\n
                              ",
? 
! Undefined control sequence.
l.160     "print(set(sent6))\n
                              ",
? 
! Undefined control sequence.
l.161     "print(set(sent7))\n
                              ",
? 
! You can't use `macro parameter character #' in math mode.
l.169     "#
            ## Ans5:"
? 
! You can't use `macro parameter character #' in math mode.
l.169     "##
             # Ans5:"
? 
! You can't use `macro parameter character #' in math mode.
l.169     "###
               Ans5:"
? 
! Undefined control sequence.
l.188       "['abc']\n
                      ",
? 
! Undefined control sequence.
l.189       "['abc', 'abc', 'abc', 'abc']\n
                                           "
? 
! Undefined control sequence.
l.194     "data = ['Abc', 'ABC', 'abc', 'aBc']\n
                                                ",
? 
! Undefined control sequence.
l.195 ...sorted(set([w.lower() for w in data])))\n
                                                  ",
? 
! Undefined control sequence.
l.208       "17231\n
                    "
? 
! Undefined control sequence.
l.225       "19317\n
                    "
? 
! You can't use `macro parameter character #' in math mode.
l.237     "#
            ## Ans6:"
? 
! You can't use `macro parameter character #' in math mode.
l.237     "##
             # Ans6:"
? 
! You can't use `macro parameter character #' in math mode.
l.237     "###
               Ans6:"
? 
! You can't use `macro parameter character #' in math mode.
l.264     "#
            ## Ans7:"
? 
! You can't use `macro parameter character #' in math mode.
l.264     "##
             # Ans7:"
? 
! You can't use `macro parameter character #' in math mode.
l.264     "###
               Ans7:"
? 
! Undefined control sequence.
l.275        "{'JOIN': 1021,\n
                              ",
? 
! Undefined control sequence.
l.276        " 'PART': 1016,\n
                              ",
? 
! Undefined control sequence.
l.277        " 'that': 274,\n
                             ",
? 
! Undefined control sequence.
l.278        " 'what': 183,\n
                             ",
? 
! Undefined control sequence.
l.279        " 'here': 181,\n
                             ",
? 
! Undefined control sequence.
l.280        " '....': 170,\n
                             ",
? 
! Undefined control sequence.
l.281        " 'have': 164,\n
                             ",
? 
! Undefined control sequence.
l.282        " 'like': 156,\n
                             ",
? 
! Undefined control sequence.
l.283        " 'with': 152,\n
                             ",
? 
! Undefined control sequence.
l.284        " 'chat': 142,\n
                             ",
? 
! Undefined control sequence.
l.285        " 'your': 137,\n
                             ",
? 
! Undefined control sequence.
l.286        " 'good': 130,\n
                             ",
? 
! Undefined control sequence.
l.287        " 'just': 125,\n
                             ",
? 
! Undefined control sequence.
l.288        " 'lmao': 107,\n
                             ",
? 
! Undefined control sequence.
l.289        " 'know': 103,\n
                             ",
? 
! Undefined control sequence.
l.290        " 'room': 98,\n
                            ",
? 
! Undefined control sequence.
l.291        " 'from': 92,\n
                            ",
? 
! Undefined control sequence.
l.292        " 'this': 86,\n
                            ",
? 
! Undefined control sequence.
l.293        " 'well': 81,\n
                            ",
? 
! Undefined control sequence.
l.294        " 'back': 78,\n
                            ",
? 
! Undefined control sequence.
l.295        " 'hiya': 78,\n
                            ",
? 
! Undefined control sequence.
l.296        " 'they': 77,\n
                            ",
? 
! Undefined control sequence.
l.297        " 'dont': 75,\n
                            ",
? 
! Undefined control sequence.
l.298        " 'yeah': 75,\n
                            ",
? 
! Undefined control sequence.
l.299        " 'want': 71,\n
                            ",
? 
! Undefined control sequence.
l.300        " 'love': 60,\n
                            ",
? 
! Undefined control sequence.
l.301        " 'guys': 58,\n
                            ",
? 
! Undefined control sequence.
l.302        " 'some': 58,\n
                            ",
? 
! Undefined control sequence.
l.303        " 'been': 57,\n
                            ",
? 
! Undefined control sequence.
l.304        " 'talk': 56,\n
                            ",
? 
! Undefined control sequence.
l.305        " 'nice': 52,\n
                            ",
? 
! Undefined control sequence.
l.306        " 'time': 50,\n
                            ",
? 
! Undefined control sequence.
l.307        " 'when': 48,\n
                            ",
? 
! Undefined control sequence.
l.308        " 'haha': 44,\n
                            ",
? 
! Undefined control sequence.
l.309        " 'make': 44,\n
                            ",
? 
! Undefined control sequence.
l.310        " 'girl': 43,\n
                            ",
? 
! Undefined control sequence.
l.311        " 'need': 43,\n
                            ",
? 
! Undefined control sequence.
l.312        " 'U122': 42,\n
                            ",
? 
! Undefined control sequence.
l.313        " 'MODE': 41,\n
                            ",
? 
! Undefined control sequence.
l.314        " 'will': 40,\n
                            ",
? 
! Undefined control sequence.
l.315        " 'much': 40,\n
                            ",
? 
! Undefined control sequence.
l.316        " 'then': 40,\n
                            ",
? 
! Undefined control sequence.
l.317        " 'over': 39,\n
                            ",
? 
! Undefined control sequence.
l.318        " 'work': 38,\n
                            ",
? 
! Undefined control sequence.
l.319        " 'were': 38,\n
                            ",
? 
! Undefined control sequence.
l.320        " 'take': 37,\n
                            ",
? 
! Undefined control sequence.
l.321        " 'U121': 36,\n
                            ",
? 
! Undefined control sequence.
l.322        " 'U115': 36,\n
                            ",
? 
! Undefined control sequence.
l.323        " 'song': 36,\n
                            ",
? 
! Undefined control sequence.
l.324        " 'even': 35,\n
                            ",
? 
! Undefined control sequence.
l.325        " 'does': 35,\n
                            ",
? 
! Undefined control sequence.
l.326        " 'seen': 35,\n
                            ",
? 
! Undefined control sequence.
l.327        " 'U156': 35,\n
                            ",
? 
! Undefined control sequence.
l.328        " 'U105': 35,\n
                            ",
? 
! Undefined control sequence.
l.329        " 'more': 34,\n
                            ",
? 
! Undefined control sequence.
l.330        " 'damn': 34,\n
                            ",
? 
! Undefined control sequence.
l.331        " 'only': 33,\n
                            ",
? 
! Undefined control sequence.
l.332        " 'come': 33,\n
                            ",
? 
! Undefined control sequence.
l.333        " 'hell': 29,\n
                            ",
? 
! Undefined control sequence.
l.334        " 'long': 28,\n
                            ",
? 
! Undefined control sequence.
l.335        " 'them': 28,\n
                            ",
? 
! Undefined control sequence.
l.336        " 'name': 27,\n
                            ",
? 
! Undefined control sequence.
l.337        " 'tell': 27,\n
                            ",
? 
! Undefined control sequence.
l.338        " 'away': 26,\n
                            ",
? 
! Undefined control sequence.
l.339        " 'sure': 26,\n
                            ",
? 
! Undefined control sequence.
l.340        " 'look': 26,\n
                            ",
? 
! Undefined control sequence.
l.341        " 'baby': 26,\n
                            ",
? 
! Undefined control sequence.
l.342        " 'call': 26,\n
                            ",
? 
! Undefined control sequence.
l.343        " 'play': 25,\n
                            ",
? 
! Undefined control sequence.
l.344        " 'U110': 25,\n
                            ",
? 
! Undefined control sequence.
l.345        " 'U114': 25,\n
                            ",
? 
! Undefined control sequence.
l.346        " 'NICK': 24,\n
                            ",
? 
! Undefined control sequence.
l.347        " 'down': 24,\n
                            ",
? 
! Undefined control sequence.
l.348        " 'cool': 24,\n
                            ",
? 
! Undefined control sequence.
l.349        " 'sexy': 23,\n
                            ",
? 
! Undefined control sequence.
l.350        " 'many': 23,\n
                            ",
? 
! Undefined control sequence.
l.351        " 'hate': 23,\n
                            ",
? 
! Undefined control sequence.
l.352        " 'said': 23,\n
                            ",
? 
! Undefined control sequence.
l.353        " 'last': 22,\n
                            ",
? 
! Undefined control sequence.
l.354        " 'ever': 22,\n
                            ",
? 
! Undefined control sequence.
l.355        " 'hear': 21,\n
                            ",
? 
! Undefined control sequence.
l.356        " 'life': 21,\n
                            ",
? 
! Undefined control sequence.
l.357        " 'live': 20,\n
                            ",
? 
! Undefined control sequence.
l.358        " 'feel': 19,\n
                            ",
? 
! Undefined control sequence.
l.359        " 'very': 19,\n
                            ",
? 
! Undefined control sequence.
l.360        " 'mean': 19,\n
                            ",
? 
! Undefined control sequence.
l.361        " 'give': 19,\n
                            ",
? 
! Undefined control sequence.
l.362        " 'same': 19,\n
                            ",
? 
! Undefined control sequence.
l.363        " 'must': 19,\n
                            ",
? 
! Undefined control sequence.
l.364        " 'stop': 19,\n
                            ",
? 
! Undefined control sequence.
l.365        " 'LMAO': 19,\n
                            ",
? 